<?xml version="1.0" encoding="UTF-8"?>
<!DOCTYPE nmaprun>
<?xml-stylesheet href="file:///usr/bin/../share/nmap/nmap.xsl" type="text/xsl"?>
<!-- Nmap 7.80 scan initiated Thu Nov  7 16:44:58 2024 as: nmap -T4 -A -v -Pn -oX port-scanning/results/thread_16/test-ldap-aws.dce.harvard.edu_nmap_scan.xml test-ldap-aws.dce.harvard.edu -->
<nmaprun scanner="nmap" args="nmap -T4 -A -v -Pn -oX port-scanning/results/thread_16/test-ldap-aws.dce.harvard.edu_nmap_scan.xml test-ldap-aws.dce.harvard.edu" start="1730997898" startstr="Thu Nov  7 16:44:58 2024" version="7.80" xmloutputversion="1.04">
<scaninfo type="connect" protocol="tcp" numservices="1000" services="1,3-4,6-7,9,13,17,19-26,30,32-33,37,42-43,49,53,70,79-85,88-90,99-100,106,109-111,113,119,125,135,139,143-144,146,161,163,179,199,211-212,222,254-256,259,264,280,301,306,311,340,366,389,406-407,416-417,425,427,443-445,458,464-465,481,497,500,512-515,524,541,543-545,548,554-555,563,587,593,616-617,625,631,636,646,648,666-668,683,687,691,700,705,711,714,720,722,726,749,765,777,783,787,800-801,808,843,873,880,888,898,900-903,911-912,981,987,990,992-993,995,999-1002,1007,1009-1011,1021-1100,1102,1104-1108,1110-1114,1117,1119,1121-1124,1126,1130-1132,1137-1138,1141,1145,1147-1149,1151-1152,1154,1163-1166,1169,1174-1175,1183,1185-1187,1192,1198-1199,1201,1213,1216-1218,1233-1234,1236,1244,1247-1248,1259,1271-1272,1277,1287,1296,1300-1301,1309-1311,1322,1328,1334,1352,1417,1433-1434,1443,1455,1461,1494,1500-1501,1503,1521,1524,1533,1556,1580,1583,1594,1600,1641,1658,1666,1687-1688,1700,1717-1721,1723,1755,1761,1782-1783,1801,1805,1812,1839-1840,1862-1864,1875,1900,1914,1935,1947,1971-1972,1974,1984,1998-2010,2013,2020-2022,2030,2033-2035,2038,2040-2043,2045-2049,2065,2068,2099-2100,2103,2105-2107,2111,2119,2121,2126,2135,2144,2160-2161,2170,2179,2190-2191,2196,2200,2222,2251,2260,2288,2301,2323,2366,2381-2383,2393-2394,2399,2401,2492,2500,2522,2525,2557,2601-2602,2604-2605,2607-2608,2638,2701-2702,2710,2717-2718,2725,2800,2809,2811,2869,2875,2909-2910,2920,2967-2968,2998,3000-3001,3003,3005-3007,3011,3013,3017,3030-3031,3052,3071,3077,3128,3168,3211,3221,3260-3261,3268-3269,3283,3300-3301,3306,3322-3325,3333,3351,3367,3369-3372,3389-3390,3404,3476,3493,3517,3527,3546,3551,3580,3659,3689-3690,3703,3737,3766,3784,3800-3801,3809,3814,3826-3828,3851,3869,3871,3878,3880,3889,3905,3914,3918,3920,3945,3971,3986,3995,3998,4000-4006,4045,4111,4125-4126,4129,4224,4242,4279,4321,4343,4443-4446,4449,4550,4567,4662,4848,4899-4900,4998,5000-5004,5009,5030,5033,5050-5051,5054,5060-5061,5080,5087,5100-5102,5120,5190,5200,5214,5221-5222,5225-5226,5269,5280,5298,5357,5405,5414,5431-5432,5440,5500,5510,5544,5550,5555,5560,5566,5631,5633,5666,5678-5679,5718,5730,5800-5802,5810-5811,5815,5822,5825,5850,5859,5862,5877,5900-5904,5906-5907,5910-5911,5915,5922,5925,5950,5952,5959-5963,5987-5989,5998-6007,6009,6025,6059,6100-6101,6106,6112,6123,6129,6156,6346,6389,6502,6510,6543,6547,6565-6567,6580,6646,6666-6669,6689,6692,6699,6779,6788-6789,6792,6839,6881,6901,6969,7000-7002,7004,7007,7019,7025,7070,7100,7103,7106,7200-7201,7402,7435,7443,7496,7512,7625,7627,7676,7741,7777-7778,7800,7911,7920-7921,7937-7938,7999-8002,8007-8011,8021-8022,8031,8042,8045,8080-8090,8093,8099-8100,8180-8181,8192-8194,8200,8222,8254,8290-8292,8300,8333,8383,8400,8402,8443,8500,8600,8649,8651-8652,8654,8701,8800,8873,8888,8899,8994,9000-9003,9009-9011,9040,9050,9071,9080-9081,9090-9091,9099-9103,9110-9111,9200,9207,9220,9290,9415,9418,9485,9500,9502-9503,9535,9575,9593-9595,9618,9666,9876-9878,9898,9900,9917,9929,9943-9944,9968,9998-10004,10009-10010,10012,10024-10025,10082,10180,10215,10243,10566,10616-10617,10621,10626,10628-10629,10778,11110-11111,11967,12000,12174,12265,12345,13456,13722,13782-13783,14000,14238,14441-14442,15000,15002-15004,15660,15742,16000-16001,16012,16016,16018,16080,16113,16992-16993,17877,17988,18040,18101,18988,19101,19283,19315,19350,19780,19801,19842,20000,20005,20031,20221-20222,20828,21571,22939,23502,24444,24800,25734-25735,26214,27000,27352-27353,27355-27356,27715,28201,30000,30718,30951,31038,31337,32768-32785,33354,33899,34571-34573,35500,38292,40193,40911,41511,42510,44176,44442-44443,44501,45100,48080,49152-49161,49163,49165,49167,49175-49176,49400,49999-50003,50006,50300,50389,50500,50636,50800,51103,51493,52673,52822,52848,52869,54045,54328,55055-55056,55555,55600,56737-56738,57294,57797,58080,60020,60443,61532,61900,62078,63331,64623,64680,65000,65129,65389"/>
<verbose level="1"/>
<debugging level="0"/>
<taskbegin task="NSE" time="1730997898"/>
<taskend task="NSE" time="1730997898"/>
<taskbegin task="NSE" time="1730997898"/>
<taskend task="NSE" time="1730997898"/>
<taskbegin task="NSE" time="1730997898"/>
<taskend task="NSE" time="1730997898"/>
<taskbegin task="Parallel DNS resolution of 1 host." time="1730997898"/>
<taskend task="Parallel DNS resolution of 1 host." time="1730997898"/>
<taskbegin task="Connect Scan" time="1730997898"/>
<taskend task="Connect Scan" time="1730997930" extrainfo="1000 total ports"/>
<taskbegin task="Service scan" time="1730997930"/>
<taskend task="Service scan" time="1730998086" extrainfo="1 service on 1 host"/>
<taskbegin task="NSE" time="1730998086"/>
<taskend task="NSE" time="1730998086"/>
<taskbegin task="NSE" time="1730998086"/>
<taskend task="NSE" time="1730998086"/>
<taskbegin task="NSE" time="1730998086"/>
<taskend task="NSE" time="1730998086"/>
<host starttime="1730997898" endtime="1730998086"><status state="up" reason="user-set" reason_ttl="0"/>
<address addr="3.212.251.250" addrtype="ipv4"/>
<hostnames>
<hostname name="test-ldap-aws.dce.harvard.edu" type="user"/>
<hostname name="ec2-3-212-251-250.compute-1.amazonaws.com" type="PTR"/>
</hostnames>
<ports><extraports state="filtered" count="999">
<extrareasons reason="no-responses" count="999"/>
</extraports>
<port protocol="tcp" portid="636"><state state="open" reason="syn-ack" reason_ttl="0"/><service name="ldapssl" tunnel="ssl" method="table" conf="3"/><script id="ssl-cert" output="Subject: commonName=ldap-aws.dce.harvard.edu/organizationName=President and Fellows of Harvard College/stateOrProvinceName=Massachusetts/countryName=US&#xa;Subject Alternative Name: DNS:ldap-aws.dce.harvard.edu, DNS:dev-ldap-aws.dce.harvard.edu, DNS:test-ldap-aws.dce.harvard.edu&#xa;Issuer: commonName=InCommon RSA Server CA/organizationName=Internet2/stateOrProvinceName=MI/countryName=US&#xa;Public Key type: rsa&#xa;Public Key bits: 2048&#xa;Signature Algorithm: sha256WithRSAEncryption&#xa;Not valid before: 2022-06-28T00:00:00&#xa;Not valid after:  2023-06-28T23:59:59&#xa;MD5:   6199 e7bd 0509 0ca0 59a2 fbe3 206c b54e&#xa;SHA-1: 7f01 72e6 6391 96bb 6df4 1b4c dd42 4019 08f1 351a"><table key="subject">
<elem key="organizationName">President and Fellows of Harvard College</elem>
<elem key="commonName">ldap-aws.dce.harvard.edu</elem>
<elem key="stateOrProvinceName">Massachusetts</elem>
<elem key="organizationalUnitName">Division of Continuing Education</elem>
<elem key="countryName">US</elem>
</table>
<table key="issuer">
<elem key="localityName">Ann Arbor</elem>
<elem key="organizationName">Internet2</elem>
<elem key="commonName">InCommon RSA Server CA</elem>
<elem key="stateOrProvinceName">MI</elem>
<elem key="organizationalUnitName">InCommon</elem>
<elem key="countryName">US</elem>
</table>
<table key="pubkey">
<elem key="type">rsa</elem>
<elem key="modulus">BIGNUM: 0x5652cd5bac58</elem>
<elem key="bits">2048</elem>
<elem key="exponent">BIGNUM: 0x5652cd5babd8</elem>
</table>
<table key="extensions">
<table>
<elem key="value">1E:05:A3:77:8F:6C:96:E2:5B:87:4B:A6:B4:86:AC:71:00:0C:E7:38</elem>
<elem key="name">X509v3 Authority Key Identifier</elem>
</table>
<table>
<elem key="value">DE:32:2A:4E:88:B9:8E:B9:7D:7A:96:36:72:5A:CD:D2:89:3B:FA:CE</elem>
<elem key="name">X509v3 Subject Key Identifier</elem>
</table>
<table>
<elem key="critical">true</elem>
<elem key="name">X509v3 Key Usage</elem>
<elem key="value">Digital Signature, Key Encipherment</elem>
</table>
<table>
<elem key="critical">true</elem>
<elem key="name">X509v3 Basic Constraints</elem>
<elem key="value">CA:FALSE</elem>
</table>
<table>
<elem key="value">TLS Web Server Authentication, TLS Web Client Authentication</elem>
<elem key="name">X509v3 Extended Key Usage</elem>
</table>
<table>
<elem key="value">Policy: 1.3.6.1.4.1.5923.1.4.3.1.1&#xa;  CPS: https://www.incommon.org/cert/repository/cps_ssl.pdf&#xa;Policy: 2.23.140.1.2.2</elem>
<elem key="name">X509v3 Certificate Policies</elem>
</table>
<table>
<elem key="value">Full Name:&#xa;  URI:http://crl.incommon-rsa.org/InCommonRSAServerCA.crl</elem>
<elem key="name">X509v3 CRL Distribution Points</elem>
</table>
<table>
<elem key="value">CA Issuers - URI:http://crt.usertrust.com/InCommonRSAServerCA_2.crt&#xa;OCSP - URI:http://ocsp.usertrust.com</elem>
<elem key="name">Authority Information Access</elem>
</table>
<table>
<elem key="value">Signed Certificate Timestamp:&#xa;    Version   : v1 (0x0)&#xa;    Log ID    : AD:F7:BE:FA:7C:FF:10:C8:8B:9D:3D:9C:1E:3E:18:6A:&#xa;                B4:67:29:5D:CF:B1:0C:24:CA:85:86:34:EB:DC:82:8A&#xa;    Timestamp : Jun 28 15:19:56.841 2022 GMT&#xa;    Extensions: none&#xa;    Signature : ecdsa-with-SHA256&#xa;                30:45:02:21:00:E7:FF:F1:6B:D7:4F:93:3A:36:87:7C:&#xa;                59:A9:CE:C9:C5:A8:3E:F1:17:79:01:ED:15:F9:95:A2:&#xa;                56:F7:A8:7F:8B:02:20:75:67:6E:38:AB:E2:54:E8:9B:&#xa;                85:0D:8A:59:8B:98:37:35:5A:FC:44:E6:CC:06:C3:34:&#xa;                AB:87:71:14:67:20:05&#xa;Signed Certificate Timestamp:&#xa;    Version   : v1 (0x0)&#xa;    Log ID    : 7A:32:8C:54:D8:B7:2D:B6:20:EA:38:E0:52:1E:E9:84:&#xa;                16:70:32:13:85:4D:3B:D2:2B:C1:3A:57:A3:52:EB:52&#xa;    Timestamp : Jun 28 15:19:56.786 2022 GMT&#xa;    Extensions: none&#xa;    Signature : ecdsa-with-SHA256&#xa;                30:44:02:20:47:D9:73:7A:36:0B:6F:4F:2C:03:10:E5:&#xa;                A6:DA:35:37:FB:13:E7:60:82:0A:90:65:DC:BD:80:79:&#xa;                6E:C0:01:D3:02:20:22:C0:64:3A:D7:BB:89:FE:D5:4F:&#xa;                3E:55:9E:A8:1D:AE:5B:63:3B:EC:4D:6D:51:82:D7:EA:&#xa;                82:EA:87:47:45:6E&#xa;Signed Certificate Timestamp:&#xa;    Version   : v1 (0x0)&#xa;    Log ID    : E8:3E:D0:DA:3E:F5:06:35:32:E7:57:28:BC:89:6B:C9:&#xa;                03:D3:CB:D1:11:6B:EC:EB:69:E1:77:7D:6D:06:BD:6E&#xa;    Timestamp : Jun 28 15:19:56.739 2022 GMT&#xa;    Extensions: none&#xa;    Signature : ecdsa-with-SHA256&#xa;                30:45:02:20:70:81:D4:41:1C:66:3E:10:07:30:8B:2E:&#xa;                19:0E:B6:40:C4:55:23:24:8E:4C:34:94:86:EF:D1:44:&#xa;                AA:FA:90:82:02:21:00:F4:42:84:A6:30:38:74:4B:F0:&#xa;                DC:22:2E:4F:0C:E2:90:EF:98:9E:7B:BC:48:5E:82:87:&#xa;                30:9B:F7:D5:4C:CE:DB</elem>
<elem key="name">CT Precertificate SCTs</elem>
</table>
<table>
<elem key="value">DNS:ldap-aws.dce.harvard.edu, DNS:dev-ldap-aws.dce.harvard.edu, DNS:test-ldap-aws.dce.harvard.edu</elem>
<elem key="name">X509v3 Subject Alternative Name</elem>
</table>
</table>
<elem key="sig_algo">sha256WithRSAEncryption</elem>
<table key="validity">
<elem key="notAfter">2023-06-28T23:59:59</elem>
<elem key="notBefore">2022-06-28T00:00:00</elem>
</table>
<elem key="md5">6199e7bd05090ca059a2fbe3206cb54e</elem>
<elem key="sha1">7f0172e6639196bb6df41b4cdd42401908f1351a</elem>
<elem key="pem">-&#45;&#45;&#45;&#45;BEGIN CERTIFICATE-&#45;&#45;&#45;&#45;&#xa;MIIHNDCCBhygAwIBAgIRAJFUBAofyjaJrcQikYfpBg4wDQYJKoZIhvcNAQELBQAw&#xa;djELMAkGA1UEBhMCVVMxCzAJBgNVBAgTAk1JMRIwEAYDVQQHEwlBbm4gQXJib3Ix&#xa;EjAQBgNVBAoTCUludGVybmV0MjERMA8GA1UECxMISW5Db21tb24xHzAdBgNVBAMT&#xa;FkluQ29tbW9uIFJTQSBTZXJ2ZXIgQ0EwHhcNMjIwNjI4MDAwMDAwWhcNMjMwNjI4&#xa;MjM1OTU5WjCBpjELMAkGA1UEBhMCVVMxFjAUBgNVBAgTDU1hc3NhY2h1c2V0dHMx&#xa;MTAvBgNVBAoTKFByZXNpZGVudCBhbmQgRmVsbG93cyBvZiBIYXJ2YXJkIENvbGxl&#xa;Z2UxKTAnBgNVBAsTIERpdmlzaW9uIG9mIENvbnRpbnVpbmcgRWR1Y2F0aW9uMSEw&#xa;HwYDVQQDExhsZGFwLWF3cy5kY2UuaGFydmFyZC5lZHUwggEiMA0GCSqGSIb3DQEB&#xa;AQUAA4IBDwAwggEKAoIBAQD0ctxRURVa00f0w/FQcRUdFxqmk0A3S6S/6NGdXofF&#xa;peehPQuar4mgXPAwQ8ip2fduZJrFpjb7kEjQwc0vN4wsZ7V3YjHSWAhCuD3k8PaB&#xa;xIku31M5RmC2R0xiIw9/zoMGVQIPO4BaYaULs/oSzAYIZq2pvhnv1SRt3Kf16dVw&#xa;nv2ddR6ThhFcw/+5YRqBsKRyzoBUg9dsgxcE8MYM1MFRIAw8+o66wCoGkFqtzQU7&#xa;XuFBRmHF2mF/3CyPCZp0/jskM0Iea9JkP67NSK9apKLEe3gsFb56qmo1xncPjTYI&#xa;vg9oN1f2BN6xjHUnkQIKSiZnlhzO2PGCLQMuA5b6OvV1AgMBAAGjggOKMIIDhjAf&#xa;BgNVHSMEGDAWgBQeBaN3j2yW4luHS6a0hqxxAAznODAdBgNVHQ4EFgQU3jIqToi5&#xa;jrl9epY2clrN0ok7+s4wDgYDVR0PAQH/BAQDAgWgMAwGA1UdEwEB/wQCMAAwHQYD&#xa;VR0lBBYwFAYIKwYBBQUHAwEGCCsGAQUFBwMCMGcGA1UdIARgMF4wUgYMKwYBBAGu&#xa;IwEEAwEBMEIwQAYIKwYBBQUHAgEWNGh0dHBzOi8vd3d3LmluY29tbW9uLm9yZy9j&#xa;ZXJ0L3JlcG9zaXRvcnkvY3BzX3NzbC5wZGYwCAYGZ4EMAQICMEQGA1UdHwQ9MDsw&#xa;OaA3oDWGM2h0dHA6Ly9jcmwuaW5jb21tb24tcnNhLm9yZy9JbkNvbW1vblJTQVNl&#xa;cnZlckNBLmNybDB1BggrBgEFBQcBAQRpMGcwPgYIKwYBBQUHMAKGMmh0dHA6Ly9j&#xa;cnQudXNlcnRydXN0LmNvbS9JbkNvbW1vblJTQVNlcnZlckNBXzIuY3J0MCUGCCsG&#xa;AQUFBzABhhlodHRwOi8vb2NzcC51c2VydHJ1c3QuY29tMIIBfQYKKwYBBAHWeQIE&#xa;AgSCAW0EggFpAWcAdgCt9776fP8QyIudPZwePhhqtGcpXc+xDCTKhYY069yCigAA&#xa;AYGq5dCpAAAEAwBHMEUCIQDn//Fr10+TOjaHfFmpzsnFqD7xF3kB7RX5laJW96h/&#xa;iwIgdWduOKviVOibhQ2KWYuYNzVa/ETmzAbDNKuHcRRnIAUAdQB6MoxU2LcttiDq&#xa;OOBSHumEFnAyE4VNO9IrwTpXo1LrUgAAAYGq5dByAAAEAwBGMEQCIEfZc3o2C29P&#xa;LAMQ5abaNTf7E+dgggqQZdy9gHluwAHTAiAiwGQ617uJ/tVPPlWeqB2uW2M77E1t&#xa;UYLX6oLqh0dFbgB2AOg+0No+9QY1MudXKLyJa8kD08vREWvs62nhd31tBr1uAAAB&#xa;garl0EMAAAQDAEcwRQIgcIHUQRxmPhAHMIsuGQ62QMRVIySOTDSUhu/RRKr6kIIC&#xa;IQD0QoSmMDh0S/DcIi5PDOKQ75iee7xIXoKHMJv31UzO2zBgBgNVHREEWTBXghhs&#xa;ZGFwLWF3cy5kY2UuaGFydmFyZC5lZHWCHGRldi1sZGFwLWF3cy5kY2UuaGFydmFy&#xa;ZC5lZHWCHXRlc3QtbGRhcC1hd3MuZGNlLmhhcnZhcmQuZWR1MA0GCSqGSIb3DQEB&#xa;CwUAA4IBAQAcbL6OsodLGc8CP+s/ZQPU+okc2aFDdNKrHzMXQNiQsF4t65buoZxC&#xa;/dxKCgSEs3a7Kl+nXN5vMMuJD+5faOixfiTrI2VWv+kkjkx+Liu5siPMNPbpl8d0&#xa;DJu4/vXjwi9WTLPWChVpUwIXbw6biyNR4bVrL1ymM4RZp99C4JxxO3Rzi97/YSyr&#xa;RYFj/xktr44iGw+1Hs27pwMt+MItp8kNi1t2cuqrWmwj3x8WEOTdh+hgOvqDhq/v&#xa;PTSEvtGFsVKxBckh5U+djCHYZ9a2Y2edzRSEjWHVH0GyfsxlZ7SvOwdLJgorD/58&#xa;+r6pl8PhmnIy20RWMiaCNWLPbQzPXEDt&#xa;-&#45;&#45;&#45;&#45;END CERTIFICATE-&#45;&#45;&#45;&#45;&#xa;</elem>
</script><script id="ssl-date" output="TLS randomness does not represent time"></script></port>
</ports>
<times srtt="7522" rttvar="5752" to="100000"/>
</host>
<taskbegin task="NSE" time="1730998086"/>
<taskend task="NSE" time="1730998086"/>
<taskbegin task="NSE" time="1730998086"/>
<taskend task="NSE" time="1730998086"/>
<taskbegin task="NSE" time="1730998086"/>
<taskend task="NSE" time="1730998086"/>
<runstats><finished time="1730998086" timestr="Thu Nov  7 16:48:06 2024" elapsed="188.57" summary="Nmap done at Thu Nov  7 16:48:06 2024; 1 IP address (1 host up) scanned in 188.57 seconds" exit="success"/><hosts up="1" down="0" total="1"/>
</runstats>
</nmaprun>
